[0m17:26:05.304566 [debug] [MainThread]: Sending event: {'category': 'dbt', 'action': 'invocation', 'label': 'start', 'context': [<snowplow_tracker.self_describing_json.SelfDescribingJson object at 0x72787364e300>, <snowplow_tracker.self_describing_json.SelfDescribingJson object at 0x727873b2ade0>, <snowplow_tracker.self_describing_json.SelfDescribingJson object at 0x72787176ab40>]}


============================== 17:26:05.309048 | a811025a-1232-4e0c-82a7-72305848b111 ==============================
[0m17:26:05.309048 [info ] [MainThread]: Running with dbt=1.9.3
[0m17:26:05.309804 [debug] [MainThread]: running dbt with arguments {'printer_width': '80', 'indirect_selection': 'eager', 'write_json': 'True', 'log_cache_events': 'False', 'partial_parse': 'True', 'cache_selected_only': 'False', 'warn_error': 'None', 'fail_fast': 'False', 'version_check': 'True', 'log_path': 'logs', 'debug': 'False', 'profiles_dir': '/home/codespace/.dbt', 'use_colors': 'True', 'use_experimental_parser': 'False', 'no_print': 'None', 'quiet': 'False', 'empty': 'None', 'log_format': 'default', 'invocation_command': 'dbt init telecom_churn_dbt', 'static_parser': 'True', 'introspect': 'True', 'target_path': 'None', 'warn_error_options': 'WarnErrorOptions(include=[], exclude=[])', 'send_anonymous_usage_stats': 'True'}
[0m17:26:05.318070 [warn ] [MainThread]: [ConfigFolderDirectory]: Unable to parse logging event dictionary. Failed to parse dir field: expected string or bytes-like object, got 'PosixPath'.. Dictionary: {'dir': PosixPath('/home/codespace/.dbt')}
[0m17:26:05.318803 [info ] [MainThread]: Creating dbt configuration folder at 
[0m17:26:05.320324 [debug] [MainThread]: Starter project path: /usr/local/python/3.12.1/lib/python3.12/site-packages/dbt/include/starter_project
[0m17:26:05.323124 [info ] [MainThread]: 
Your new dbt project "telecom_churn_dbt" was created!

For more information on how to configure the profiles.yml file,
please consult the dbt documentation here:

  https://docs.getdbt.com/docs/configure-your-profile

One more thing:

Need help? Don't hesitate to reach out to us via GitHub issues or on Slack:

  https://community.getdbt.com/

Happy modeling!

[0m17:26:05.323816 [info ] [MainThread]: Setting up your profile.
[0m17:32:33.130876 [info ] [MainThread]: Profile telecom_churn_dbt written to /home/codespace/.dbt/profiles.yml using target's sample configuration. Once updated, you'll be able to start developing with dbt.
[0m17:32:33.132477 [debug] [MainThread]: Resource report: {"command_name": "init", "command_success": true, "command_wall_clock_time": 387.87692, "process_in_blocks": "28944", "process_kernel_time": 0.186611, "process_mem_max_rss": "119744", "process_out_blocks": "80", "process_user_time": 1.443997}
[0m17:32:33.133112 [debug] [MainThread]: Command `dbt init` succeeded at 17:32:33.132993 after 387.88 seconds
[0m17:32:33.133585 [debug] [MainThread]: Sending event: {'category': 'dbt', 'action': 'invocation', 'label': 'end', 'context': [<snowplow_tracker.self_describing_json.SelfDescribingJson object at 0x7278711f1250>, <snowplow_tracker.self_describing_json.SelfDescribingJson object at 0x727871124470>, <snowplow_tracker.self_describing_json.SelfDescribingJson object at 0x7278711254f0>]}
[0m17:32:33.134086 [debug] [MainThread]: Flushing usage events
[0m17:32:33.518629 [debug] [MainThread]: An error was encountered while trying to flush usage events
